<?xml version="1.0" encoding="UTF-8"?>
<!-- Generated by org.testng.reporters.JUnitReportReporter -->
<testsuite hostname="DESKTOP-EQSC612" failures="0" tests="2" name="com.testcase.com.TestCase" time="4.784" errors="0" timestamp="2025-02-08T12:13:07 IST" skipped="0">
  <testcase classname="com.testcase.com.TestCase" name="login" time="3.726"/>
  <testcase classname="com.testcase.com.TestCase" name="login" time="1.058"/>
</testsuite> <!-- com.testcase.com.TestCase -->
